    Finished `dev` profile [unoptimized + debuginfo] target(s) in 0.09s
     Running `target/debug/hyperion --help`
Multi-agent orchestration queue

Usage: hyperion [OPTIONS] [COMMAND]

Commands:
  run                
  request            
  export             
  init               
  enqueue            
  dequeue            
  list               
  list-dead-letters  
  mark-applied       
  mark-failed        
  watch              
  tui                
  agent              
  validate-change    
  orchestrate        
  apply              
  worker             
  session-init       
  session-list       
  doctor             
  queue-metrics      
  cleanup            
  help               Print this message or the help of the given subcommand(s)

Options:
      --db <DB>  [default: hyperion.db]
  -h, --help     Print help
  -V, --version  Print version
